================================================================================
INITIALIZING
================================================================================
Loading data...
took 2.68 seconds
Building parser...
took 1.44 seconds
Loading pretrained embeddings...
took 4.25 seconds
Vectorizing data...
took 2.27 seconds
Preprocessing training data...
took 75.35 seconds
took 0.07 seconds

================================================================================
TRAINING
================================================================================
Epoch 1 out of 10
100%|██████████████████████████████████████████████████████████████████████████████████████| 1848/1848 [2:23:32<00:00,  4.66s/it]
Average Train Loss: 0.17377605021919135
Evaluating on dev set
1445850it [00:00, 28920888.94it/s]
- dev UAS: 85.47
New best dev UAS! Saving model.

Epoch 2 out of 10
100%|██████████████████████████████████████████████████████████████████████████████████████| 1848/1848 [2:15:25<00:00,  4.40s/it] 
Average Train Loss: 0.1096041841851749
Evaluating on dev set
1445850it [00:00, 34427299.83it/s]
- dev UAS: 86.83
New best dev UAS! Saving model.

Epoch 3 out of 10
100%|██████████████████████████████████████████████████████████████████████████████████████| 1848/1848 [2:14:41<00:00,  4.37s/it] 
Average Train Loss: 0.09558502275061298
Evaluating on dev set
1445850it [00:00, 33629093.54it/s]
- dev UAS: 87.52
New best dev UAS! Saving model.

Epoch 4 out of 10
100%|██████████████████████████████████████████████████████████████████████████████████████| 1848/1848 [2:14:37<00:00,  4.37s/it] 
Average Train Loss: 0.08644064942786059
Evaluating on dev set
1445850it [00:00, 36149085.52it/s]
- dev UAS: 87.71
New best dev UAS! Saving model.

Epoch 5 out of 10
100%|██████████████████████████████████████████████████████████████████████████████████████| 1848/1848 [2:14:54<00:00,  4.38s/it] 
Average Train Loss: 0.07973001092003086
Evaluating on dev set
1445850it [00:00, 31433474.17it/s]
- dev UAS: 88.02
New best dev UAS! Saving model.

Epoch 6 out of 10
100%|██████████████████████████████████████████████████████████████████████████████████████| 1848/1848 [2:14:52<00:00,  4.38s/it] 
Average Train Loss: 0.07406744551421567
Evaluating on dev set
1445850it [00:00, 35268215.80it/s]
- dev UAS: 88.14
New best dev UAS! Saving model.

Epoch 7 out of 10
100%|██████████████████████████████████████████████████████████████████████████████████████| 1848/1848 [2:14:39<00:00,  4.37s/it] 
Average Train Loss: 0.06918432641959874
Evaluating on dev set
1445850it [00:00, 24381488.29it/s]
- dev UAS: 88.54
New best dev UAS! Saving model.

Epoch 8 out of 10
100%|██████████████████████████████████████████████████████████████████████████████████████| 1848/1848 [2:14:38<00:00,  4.37s/it]
Average Train Loss: 0.06514527643042983
Evaluating on dev set
1445850it [00:00, 33628534.09it/s]
- dev UAS: 88.80
New best dev UAS! Saving model.

Epoch 9 out of 10
100%|██████████████████████████████████████████████████████████████████████████████████████| 1848/1848 [2:14:37<00:00,  4.37s/it] 
Average Train Loss: 0.061688008941951894
Evaluating on dev set
1445850it [00:00, 40165145.14it/s]
- dev UAS: 88.27

Epoch 10 out of 10
100%|██████████████████████████████████████████████████████████████████████████████████████| 1848/1848 [2:14:56<00:00,  4.38s/it] 
Average Train Loss: 0.05796349016360906
Evaluating on dev set
1445850it [00:00, 36152964.62it/s]
- dev UAS: 88.43

================================================================================
TESTING
================================================================================
Restoring the best model weights found on the dev set
Final evaluation on test set
2919736it [00:00, 46354866.41it/s]
- test UAS: 89.06
Done!